<?xml version="1.0" encoding="UTF-8"?>
<testsuite xmlns:xsi="http://www.w3.org/2001/XMLSchema-instance" xsi:noNamespaceSchemaLocation="https://maven.apache.org/surefire/maven-surefire-plugin/xsd/surefire-test-report.xsd" name="com.example.welcome.WelcomeApplicationTests" time="0.355" tests="1" errors="1" skipped="0" failures="0">
  <properties>
[...]
</properties>
  <testcase name="com.example.welcome.WelcomeApplicationTests" classname="com.example.welcome.WelcomeApplicationTests" time="0.354">
    <error message="Unable to find a @SpringBootConfiguration, you need to use @ContextConfiguration or @SpringBootTest(classes=...) with your test" type="java.lang.IllegalStateException">java.lang.IllegalStateException: Unable to find a @SpringBootConfiguration, you need to use @ContextConfiguration or @SpringBootTest(classes=...) with your test
</error>
    <system-out><![CDATA[00:04:49.316 [main] DEBUG org.springframework.test.context.BootstrapUtils - Instantiating CacheAwareContextLoaderDelegate from class [org.springframework.test.context.cache.DefaultCacheAwareContextLoaderDelegate]
00:04:49.330 [main] DEBUG org.springframework.test.context.BootstrapUtils - Instantiating BootstrapContext using constructor [public org.springframework.test.context.support.DefaultBootstrapContext(java.lang.Class,org.springframework.test.context.CacheAwareContextLoaderDelegate)]
00:04:49.385 [main] DEBUG org.springframework.test.context.BootstrapUtils - Instantiating TestContextBootstrapper for test class [com.example.welcome.WelcomeApplicationTests] from class [org.springframework.boot.test.context.SpringBootTestContextBootstrapper]
00:04:49.425 [main] INFO org.springframework.boot.test.context.SpringBootTestContextBootstrapper - Neither @ContextConfiguration nor @ContextHierarchy found for test class [com.example.welcome.WelcomeApplicationTests], using SpringBootContextLoader
00:04:49.428 [main] DEBUG org.springframework.test.context.support.AbstractContextLoader - Did not detect default resource location for test class [com.example.welcome.WelcomeApplicationTests]: class path resource [com/example/welcome/WelcomeApplicationTests-context.xml] does not exist
00:04:49.429 [main] DEBUG org.springframework.test.context.support.AbstractContextLoader - Did not detect default resource location for test class [com.example.welcome.WelcomeApplicationTests]: class path resource [com/example/welcome/WelcomeApplicationTestsContext.groovy] does not exist
00:04:49.429 [main] INFO org.springframework.test.context.support.AbstractContextLoader - Could not detect default resource locations for test class [com.example.welcome.WelcomeApplicationTests]: no resource found for suffixes {-context.xml, Context.groovy}.
00:04:49.430 [main] INFO org.springframework.test.context.support.AnnotationConfigContextLoaderUtils - Could not detect default configuration classes for test class [com.example.welcome.WelcomeApplicationTests]: WelcomeApplicationTests does not declare any static, non-private, non-final, nested classes annotated with @Configuration.
00:04:49.524 [main] DEBUG org.springframework.test.context.support.ActiveProfilesUtils - Could not find an 'annotation declaring class' for annotation type [org.springframework.test.context.ActiveProfiles] and class [com.example.welcome.WelcomeApplicationTests]
]]></system-out>
  </testcase>
</testsuite>